2026-05-30 20:49:54,985 | INFO | sqlalchemy.engine.Engine | BEGIN (implicit)
2026-05-30 20:49:54,986 | INFO | sqlalchemy.engine.Engine | PRAGMA main.table_info("categoria")
2026-05-30 20:49:54,987 | INFO | sqlalchemy.engine.Engine | [raw sql] ()
2026-05-30 20:49:54,988 | INFO | sqlalchemy.engine.Engine | PRAGMA main.table_info("cliente")
2026-05-30 20:49:54,989 | INFO | sqlalchemy.engine.Engine | [raw sql] ()
2026-05-30 20:49:54,990 | INFO | sqlalchemy.engine.Engine | PRAGMA main.table_info("endereco")
2026-05-30 20:49:54,990 | INFO | sqlalchemy.engine.Engine | [raw sql] ()
2026-05-30 20:49:54,992 | INFO | sqlalchemy.engine.Engine | PRAGMA main.table_info("entrega")
2026-05-30 20:49:54,992 | INFO | sqlalchemy.engine.Engine | [raw sql] ()
2026-05-30 20:49:54,994 | INFO | sqlalchemy.engine.Engine | PRAGMA main.table_info("item_pedido")
2026-05-30 20:49:54,994 | INFO | sqlalchemy.engine.Engine | [raw sql] ()
2026-05-30 20:49:54,996 | INFO | sqlalchemy.engine.Engine | PRAGMA main.table_info("motorista")
2026-05-30 20:49:55,000 | INFO | sqlalchemy.engine.Engine | [raw sql] ()
2026-05-30 20:49:55,001 | INFO | sqlalchemy.engine.Engine | PRAGMA main.table_info("pedido")
2026-05-30 20:49:55,002 | INFO | sqlalchemy.engine.Engine | [raw sql] ()
2026-05-30 20:49:55,003 | INFO | sqlalchemy.engine.Engine | PRAGMA main.table_info("produto")
2026-05-30 20:49:55,004 | INFO | sqlalchemy.engine.Engine | [raw sql] ()
2026-05-30 20:49:55,005 | INFO | sqlalchemy.engine.Engine | PRAGMA main.table_info("veiculo")
2026-05-30 20:49:55,006 | INFO | sqlalchemy.engine.Engine | [raw sql] ()
2026-05-30 20:49:55,007 | INFO | sqlalchemy.engine.Engine | COMMIT
2026-05-30 20:52:29,483 | INFO | sqlalchemy.engine.Engine | BEGIN (implicit)
2026-05-30 20:52:29,484 | INFO | sqlalchemy.engine.Engine | PRAGMA main.table_info("categoria")
2026-05-30 20:52:29,484 | INFO | sqlalchemy.engine.Engine | [raw sql] ()
2026-05-30 20:52:29,487 | INFO | sqlalchemy.engine.Engine | PRAGMA main.table_info("cliente")
2026-05-30 20:52:29,487 | INFO | sqlalchemy.engine.Engine | [raw sql] ()
2026-05-30 20:52:29,488 | INFO | sqlalchemy.engine.Engine | PRAGMA main.table_info("endereco")
2026-05-30 20:52:29,488 | INFO | sqlalchemy.engine.Engine | [raw sql] ()
2026-05-30 20:52:29,490 | INFO | sqlalchemy.engine.Engine | PRAGMA main.table_info("entrega")
2026-05-30 20:52:29,490 | INFO | sqlalchemy.engine.Engine | [raw sql] ()
2026-05-30 20:52:29,492 | INFO | sqlalchemy.engine.Engine | PRAGMA main.table_info("item_pedido")
2026-05-30 20:52:29,492 | INFO | sqlalchemy.engine.Engine | [raw sql] ()
2026-05-30 20:52:29,493 | INFO | sqlalchemy.engine.Engine | PRAGMA main.table_info("motorista")
2026-05-30 20:52:29,493 | INFO | sqlalchemy.engine.Engine | [raw sql] ()
2026-05-30 20:52:29,494 | INFO | sqlalchemy.engine.Engine | PRAGMA main.table_info("pedido")
2026-05-30 20:52:29,495 | INFO | sqlalchemy.engine.Engine | [raw sql] ()
2026-05-30 20:52:29,496 | INFO | sqlalchemy.engine.Engine | PRAGMA main.table_info("produto")
2026-05-30 20:52:29,496 | INFO | sqlalchemy.engine.Engine | [raw sql] ()
2026-05-30 20:52:29,497 | INFO | sqlalchemy.engine.Engine | PRAGMA main.table_info("veiculo")
2026-05-30 20:52:29,498 | INFO | sqlalchemy.engine.Engine | [raw sql] ()
2026-05-30 20:52:29,499 | INFO | sqlalchemy.engine.Engine | COMMIT
2026-05-30 20:53:22,670 | INFO | sqlalchemy.engine.Engine | BEGIN (implicit)
2026-05-30 20:53:22,671 | INFO | sqlalchemy.engine.Engine | PRAGMA main.table_info("categoria")
2026-05-30 20:53:22,671 | INFO | sqlalchemy.engine.Engine | [raw sql] ()
2026-05-30 20:53:22,672 | INFO | sqlalchemy.engine.Engine | PRAGMA main.table_info("cliente")
2026-05-30 20:53:22,672 | INFO | sqlalchemy.engine.Engine | [raw sql] ()
2026-05-30 20:53:22,673 | INFO | sqlalchemy.engine.Engine | PRAGMA main.table_info("endereco")
2026-05-30 20:53:22,673 | INFO | sqlalchemy.engine.Engine | [raw sql] ()
2026-05-30 20:53:22,674 | INFO | sqlalchemy.engine.Engine | PRAGMA main.table_info("entrega")
2026-05-30 20:53:22,674 | INFO | sqlalchemy.engine.Engine | [raw sql] ()
2026-05-30 20:53:22,674 | INFO | sqlalchemy.engine.Engine | PRAGMA main.table_info("item_pedido")
2026-05-30 20:53:22,674 | INFO | sqlalchemy.engine.Engine | [raw sql] ()
2026-05-30 20:53:22,675 | INFO | sqlalchemy.engine.Engine | PRAGMA main.table_info("motorista")
2026-05-30 20:53:22,675 | INFO | sqlalchemy.engine.Engine | [raw sql] ()
2026-05-30 20:53:22,675 | INFO | sqlalchemy.engine.Engine | PRAGMA main.table_info("pedido")
2026-05-30 20:53:22,676 | INFO | sqlalchemy.engine.Engine | [raw sql] ()
2026-05-30 20:53:22,676 | INFO | sqlalchemy.engine.Engine | PRAGMA main.table_info("produto")
2026-05-30 20:53:22,676 | INFO | sqlalchemy.engine.Engine | [raw sql] ()
2026-05-30 20:53:22,677 | INFO | sqlalchemy.engine.Engine | PRAGMA main.table_info("veiculo")
2026-05-30 20:53:22,677 | INFO | sqlalchemy.engine.Engine | [raw sql] ()
2026-05-30 20:53:22,677 | INFO | sqlalchemy.engine.Engine | COMMIT
2026-05-30 20:53:58,339 | INFO | sqlalchemy.engine.Engine | BEGIN (implicit)
2026-05-30 20:53:58,340 | INFO | sqlalchemy.engine.Engine | PRAGMA main.table_info("categoria")
2026-05-30 20:53:58,340 | INFO | sqlalchemy.engine.Engine | [raw sql] ()
2026-05-30 20:53:58,342 | DEBUG | sqlalchemy.engine.Engine | Col ('cid', 'name', 'type', 'notnull', 'dflt_value', 'pk')
2026-05-30 20:53:58,343 | DEBUG | sqlalchemy.engine.Engine | Row (0, 'id_categoria', 'INTEGER', 1, None, 1)
2026-05-30 20:53:58,343 | DEBUG | sqlalchemy.engine.Engine | Row (1, 'descricao', 'VARCHAR(80)', 1, None, 0)
2026-05-30 20:53:58,343 | INFO | sqlalchemy.engine.Engine | PRAGMA main.table_info("cliente")
2026-05-30 20:53:58,344 | INFO | sqlalchemy.engine.Engine | [raw sql] ()
2026-05-30 20:53:58,345 | DEBUG | sqlalchemy.engine.Engine | Col ('cid', 'name', 'type', 'notnull', 'dflt_value', 'pk')
2026-05-30 20:53:58,345 | DEBUG | sqlalchemy.engine.Engine | Row (0, 'id_cliente', 'INTEGER', 1, None, 1)
2026-05-30 20:53:58,345 | DEBUG | sqlalchemy.engine.Engine | Row (1, 'nome', 'VARCHAR(120)', 1, None, 0)
2026-05-30 20:53:58,346 | DEBUG | sqlalchemy.engine.Engine | Row (2, 'cpf', 'VARCHAR(14)', 1, None, 0)
2026-05-30 20:53:58,346 | INFO | sqlalchemy.engine.Engine | PRAGMA main.table_info("endereco")
2026-05-30 20:53:58,346 | INFO | sqlalchemy.engine.Engine | [raw sql] ()
2026-05-30 20:53:58,347 | DEBUG | sqlalchemy.engine.Engine | Col ('cid', 'name', 'type', 'notnull', 'dflt_value', 'pk')
2026-05-30 20:53:58,347 | DEBUG | sqlalchemy.engine.Engine | Row (0, 'id_endereco', 'INTEGER', 1, None, 1)
2026-05-30 20:53:58,348 | DEBUG | sqlalchemy.engine.Engine | Row (1, 'id_cliente', 'INTEGER', 1, None, 0)
2026-05-30 20:53:58,348 | DEBUG | sqlalchemy.engine.Engine | Row (2, 'logradouro', 'VARCHAR(120)', 1, None, 0)
2026-05-30 20:53:58,348 | DEBUG | sqlalchemy.engine.Engine | Row (3, 'numero', 'VARCHAR(10)', 1, None, 0)
2026-05-30 20:53:58,348 | DEBUG | sqlalchemy.engine.Engine | Row (4, 'cidade', 'VARCHAR(80)', 1, None, 0)
2026-05-30 20:53:58,348 | DEBUG | sqlalchemy.engine.Engine | Row (5, 'estado', 'VARCHAR(2)', 1, None, 0)
2026-05-30 20:53:58,349 | INFO | sqlalchemy.engine.Engine | PRAGMA main.table_info("entrega")
2026-05-30 20:53:58,349 | INFO | sqlalchemy.engine.Engine | [raw sql] ()
2026-05-30 20:53:58,349 | DEBUG | sqlalchemy.engine.Engine | Col ('cid', 'name', 'type', 'notnull', 'dflt_value', 'pk')
2026-05-30 20:53:58,350 | DEBUG | sqlalchemy.engine.Engine | Row (0, 'id_entrega', 'INTEGER', 1, None, 1)
2026-05-30 20:53:58,350 | DEBUG | sqlalchemy.engine.Engine | Row (1, 'id_pedido', 'INTEGER', 1, None, 0)
2026-05-30 20:53:58,350 | DEBUG | sqlalchemy.engine.Engine | Row (2, 'id_motorista', 'INTEGER', 1, None, 0)
2026-05-30 20:53:58,350 | DEBUG | sqlalchemy.engine.Engine | Row (3, 'id_veiculo', 'INTEGER', 1, None, 0)
2026-05-30 20:53:58,350 | DEBUG | sqlalchemy.engine.Engine | Row (4, 'data_entrega', 'DATETIME', 1, None, 0)
2026-05-30 20:53:58,351 | INFO | sqlalchemy.engine.Engine | PRAGMA main.table_info("item_pedido")
2026-05-30 20:53:58,351 | INFO | sqlalchemy.engine.Engine | [raw sql] ()
2026-05-30 20:53:58,351 | DEBUG | sqlalchemy.engine.Engine | Col ('cid', 'name', 'type', 'notnull', 'dflt_value', 'pk')
2026-05-30 20:53:58,351 | DEBUG | sqlalchemy.engine.Engine | Row (0, 'id_item_pedido', 'INTEGER', 1, None, 1)
2026-05-30 20:53:58,352 | DEBUG | sqlalchemy.engine.Engine | Row (1, 'id_pedido', 'INTEGER', 1, None, 0)
2026-05-30 20:53:58,352 | DEBUG | sqlalchemy.engine.Engine | Row (2, 'id_produto', 'INTEGER', 1, None, 0)
2026-05-30 20:53:58,352 | DEBUG | sqlalchemy.engine.Engine | Row (3, 'quantidade', 'INTEGER', 1, None, 0)
2026-05-30 20:53:58,352 | INFO | sqlalchemy.engine.Engine | PRAGMA main.table_info("motorista")
2026-05-30 20:53:58,352 | INFO | sqlalchemy.engine.Engine | [raw sql] ()
2026-05-30 20:53:58,353 | DEBUG | sqlalchemy.engine.Engine | Col ('cid', 'name', 'type', 'notnull', 'dflt_value', 'pk')
2026-05-30 20:53:58,353 | DEBUG | sqlalchemy.engine.Engine | Row (0, 'id_motorista', 'INTEGER', 1, None, 1)
2026-05-30 20:53:58,353 | DEBUG | sqlalchemy.engine.Engine | Row (1, 'nome', 'VARCHAR(120)', 1, None, 0)
2026-05-30 20:53:58,353 | DEBUG | sqlalchemy.engine.Engine | Row (2, 'cnh', 'VARCHAR(11)', 1, None, 0)
2026-05-30 20:53:58,354 | INFO | sqlalchemy.engine.Engine | PRAGMA main.table_info("pedido")
2026-05-30 20:53:58,354 | INFO | sqlalchemy.engine.Engine | [raw sql] ()
2026-05-30 20:53:58,355 | DEBUG | sqlalchemy.engine.Engine | Col ('cid', 'name', 'type', 'notnull', 'dflt_value', 'pk')
2026-05-30 20:53:58,355 | DEBUG | sqlalchemy.engine.Engine | Row (0, 'id_pedido', 'INTEGER', 1, None, 1)
2026-05-30 20:53:58,355 | DEBUG | sqlalchemy.engine.Engine | Row (1, 'id_cliente', 'INTEGER', 1, None, 0)
2026-05-30 20:53:58,355 | DEBUG | sqlalchemy.engine.Engine | Row (2, 'data_pedido', 'DATETIME', 1, None, 0)
2026-05-30 20:53:58,355 | INFO | sqlalchemy.engine.Engine | PRAGMA main.table_info("produto")
2026-05-30 20:53:58,356 | INFO | sqlalchemy.engine.Engine | [raw sql] ()
2026-05-30 20:53:58,356 | DEBUG | sqlalchemy.engine.Engine | Col ('cid', 'name', 'type', 'notnull', 'dflt_value', 'pk')
2026-05-30 20:53:58,357 | DEBUG | sqlalchemy.engine.Engine | Row (0, 'id_produto', 'INTEGER', 1, None, 1)
2026-05-30 20:53:58,357 | DEBUG | sqlalchemy.engine.Engine | Row (1, 'nome', 'VARCHAR(120)', 1, None, 0)
2026-05-30 20:53:58,357 | DEBUG | sqlalchemy.engine.Engine | Row (2, 'preco_unitario', 'NUMERIC(10, 2)', 1, None, 0)
2026-05-30 20:53:58,357 | DEBUG | sqlalchemy.engine.Engine | Row (3, 'id_categoria', 'INTEGER', 1, None, 0)
2026-05-30 20:53:58,357 | INFO | sqlalchemy.engine.Engine | PRAGMA main.table_info("veiculo")
2026-05-30 20:53:58,358 | INFO | sqlalchemy.engine.Engine | [raw sql] ()
2026-05-30 20:53:58,358 | DEBUG | sqlalchemy.engine.Engine | Col ('cid', 'name', 'type', 'notnull', 'dflt_value', 'pk')
2026-05-30 20:53:58,359 | DEBUG | sqlalchemy.engine.Engine | Row (0, 'id_veiculo', 'INTEGER', 1, None, 1)
2026-05-30 20:53:58,359 | DEBUG | sqlalchemy.engine.Engine | Row (1, 'placa', 'VARCHAR(10)', 1, None, 0)
2026-05-30 20:53:58,359 | DEBUG | sqlalchemy.engine.Engine | Row (2, 'tipo', 'VARCHAR(40)', 1, None, 0)
2026-05-30 20:53:58,360 | INFO | sqlalchemy.engine.Engine | COMMIT
2026-05-30 21:00:00,172 | INFO | sqlalchemy.engine.Engine | BEGIN (implicit)
2026-05-30 21:00:00,173 | INFO | sqlalchemy.engine.Engine | SELECT name FROM sqlite_master WHERE type='table' AND name NOT LIKE 'sqlite~_%' ESCAPE '~' ORDER BY name
2026-05-30 21:00:00,173 | INFO | sqlalchemy.engine.Engine | [raw sql] ()
2026-05-30 21:00:00,175 | DEBUG | sqlalchemy.engine.Engine | Col ('name',)
2026-05-30 21:00:00,178 | DEBUG | sqlalchemy.engine.Engine | Row ('categoria',)
2026-05-30 21:00:00,178 | DEBUG | sqlalchemy.engine.Engine | Row ('cliente',)
2026-05-30 21:00:00,178 | DEBUG | sqlalchemy.engine.Engine | Row ('endereco',)
2026-05-30 21:00:00,178 | DEBUG | sqlalchemy.engine.Engine | Row ('entrega',)
2026-05-30 21:00:00,178 | DEBUG | sqlalchemy.engine.Engine | Row ('item_pedido',)
2026-05-30 21:00:00,178 | DEBUG | sqlalchemy.engine.Engine | Row ('motorista',)
2026-05-30 21:00:00,178 | DEBUG | sqlalchemy.engine.Engine | Row ('pedido',)
2026-05-30 21:00:00,179 | DEBUG | sqlalchemy.engine.Engine | Row ('produto',)
2026-05-30 21:00:00,179 | DEBUG | sqlalchemy.engine.Engine | Row ('veiculo',)
2026-05-30 21:00:00,180 | INFO | sqlalchemy.engine.Engine | ROLLBACK
2026-05-30 21:09:43,532 | INFO | sqlalchemy.engine.Engine | BEGIN (implicit)
2026-05-30 21:09:43,533 | INFO | sqlalchemy.engine.Engine | SELECT name FROM sqlite_master WHERE type='table' AND name NOT LIKE 'sqlite~_%' ESCAPE '~' ORDER BY name
2026-05-30 21:09:43,533 | INFO | sqlalchemy.engine.Engine | [raw sql] ()
2026-05-30 21:09:43,534 | DEBUG | sqlalchemy.engine.Engine | Col ('name',)
2026-05-30 21:09:43,536 | DEBUG | sqlalchemy.engine.Engine | Row ('categoria',)
2026-05-30 21:09:43,537 | DEBUG | sqlalchemy.engine.Engine | Row ('cliente',)
2026-05-30 21:09:43,537 | DEBUG | sqlalchemy.engine.Engine | Row ('endereco',)
2026-05-30 21:09:43,537 | DEBUG | sqlalchemy.engine.Engine | Row ('entrega',)
2026-05-30 21:09:43,537 | DEBUG | sqlalchemy.engine.Engine | Row ('item_pedido',)
2026-05-30 21:09:43,537 | DEBUG | sqlalchemy.engine.Engine | Row ('motorista',)
2026-05-30 21:09:43,538 | DEBUG | sqlalchemy.engine.Engine | Row ('pedido',)
2026-05-30 21:09:43,538 | DEBUG | sqlalchemy.engine.Engine | Row ('produto',)
2026-05-30 21:09:43,538 | DEBUG | sqlalchemy.engine.Engine | Row ('veiculo',)
2026-05-30 21:09:43,538 | INFO | sqlalchemy.engine.Engine | ROLLBACK
2026-05-30 21:31:45,521 | INFO | sqlalchemy.engine.Engine | BEGIN (implicit)
2026-05-30 21:31:45,521 | INFO | sqlalchemy.engine.Engine | SELECT name FROM sqlite_master WHERE type='table' AND name NOT LIKE 'sqlite~_%' ESCAPE '~' ORDER BY name
2026-05-30 21:31:45,521 | INFO | sqlalchemy.engine.Engine | [raw sql] ()
2026-05-30 21:31:45,523 | DEBUG | sqlalchemy.engine.Engine | Col ('name',)
2026-05-30 21:31:45,526 | DEBUG | sqlalchemy.engine.Engine | Row ('categoria',)
2026-05-30 21:31:45,526 | DEBUG | sqlalchemy.engine.Engine | Row ('cliente',)
2026-05-30 21:31:45,526 | DEBUG | sqlalchemy.engine.Engine | Row ('endereco',)
2026-05-30 21:31:45,526 | DEBUG | sqlalchemy.engine.Engine | Row ('entrega',)
2026-05-30 21:31:45,527 | DEBUG | sqlalchemy.engine.Engine | Row ('item_pedido',)
2026-05-30 21:31:45,527 | DEBUG | sqlalchemy.engine.Engine | Row ('motorista',)
2026-05-30 21:31:45,527 | DEBUG | sqlalchemy.engine.Engine | Row ('pedido',)
2026-05-30 21:31:45,527 | DEBUG | sqlalchemy.engine.Engine | Row ('produto',)
2026-05-30 21:31:45,527 | DEBUG | sqlalchemy.engine.Engine | Row ('veiculo',)
2026-05-30 21:31:45,527 | INFO | sqlalchemy.engine.Engine | ROLLBACK
2026-05-30 21:31:45,528 | INFO | sqlalchemy.engine.Engine | BEGIN (implicit)
2026-05-30 21:31:45,528 | INFO | sqlalchemy.engine.Engine | PRAGMA main.table_xinfo("categoria")
2026-05-30 21:31:45,528 | INFO | sqlalchemy.engine.Engine | [raw sql] ()
2026-05-30 21:31:45,529 | DEBUG | sqlalchemy.engine.Engine | Col ('cid', 'name', 'type', 'notnull', 'dflt_value', 'pk', 'hidden')
2026-05-30 21:31:45,529 | DEBUG | sqlalchemy.engine.Engine | Row (0, 'id_categoria', 'INTEGER', 1, None, 1, 0)
2026-05-30 21:31:45,529 | DEBUG | sqlalchemy.engine.Engine | Row (1, 'descricao', 'VARCHAR(80)', 1, None, 0, 0)
2026-05-30 21:31:45,530 | INFO | sqlalchemy.engine.Engine | ROLLBACK
2026-05-30 21:31:45,531 | INFO | sqlalchemy.engine.Engine | BEGIN (implicit)
2026-05-30 21:31:45,531 | INFO | sqlalchemy.engine.Engine | PRAGMA main.table_xinfo("cliente")
2026-05-30 21:31:45,531 | INFO | sqlalchemy.engine.Engine | [raw sql] ()
2026-05-30 21:31:45,532 | DEBUG | sqlalchemy.engine.Engine | Col ('cid', 'name', 'type', 'notnull', 'dflt_value', 'pk', 'hidden')
2026-05-30 21:31:45,532 | DEBUG | sqlalchemy.engine.Engine | Row (0, 'id_cliente', 'INTEGER', 1, None, 1, 0)
2026-05-30 21:31:45,532 | DEBUG | sqlalchemy.engine.Engine | Row (1, 'nome', 'VARCHAR(120)', 1, None, 0, 0)
2026-05-30 21:31:45,532 | DEBUG | sqlalchemy.engine.Engine | Row (2, 'cpf', 'VARCHAR(14)', 1, None, 0, 0)
2026-05-30 21:31:45,532 | INFO | sqlalchemy.engine.Engine | ROLLBACK
2026-05-30 21:31:45,533 | INFO | sqlalchemy.engine.Engine | BEGIN (implicit)
2026-05-30 21:31:45,534 | INFO | sqlalchemy.engine.Engine | PRAGMA main.table_xinfo("endereco")
2026-05-30 21:31:45,534 | INFO | sqlalchemy.engine.Engine | [raw sql] ()
2026-05-30 21:31:45,535 | DEBUG | sqlalchemy.engine.Engine | Col ('cid', 'name', 'type', 'notnull', 'dflt_value', 'pk', 'hidden')
2026-05-30 21:31:45,535 | DEBUG | sqlalchemy.engine.Engine | Row (0, 'id_endereco', 'INTEGER', 1, None, 1, 0)
2026-05-30 21:31:45,535 | DEBUG | sqlalchemy.engine.Engine | Row (1, 'id_cliente', 'INTEGER', 1, None, 0, 0)
2026-05-30 21:31:45,535 | DEBUG | sqlalchemy.engine.Engine | Row (2, 'logradouro', 'VARCHAR(120)', 1, None, 0, 0)
2026-05-30 21:31:45,535 | DEBUG | sqlalchemy.engine.Engine | Row (3, 'numero', 'VARCHAR(10)', 1, None, 0, 0)
2026-05-30 21:31:45,535 | DEBUG | sqlalchemy.engine.Engine | Row (4, 'cidade', 'VARCHAR(80)', 1, None, 0, 0)
2026-05-30 21:31:45,535 | DEBUG | sqlalchemy.engine.Engine | Row (5, 'estado', 'VARCHAR(2)', 1, None, 0, 0)
2026-05-30 21:31:45,536 | INFO | sqlalchemy.engine.Engine | ROLLBACK
2026-05-30 21:31:45,538 | INFO | sqlalchemy.engine.Engine | BEGIN (implicit)
2026-05-30 21:31:45,539 | INFO | sqlalchemy.engine.Engine | PRAGMA main.table_xinfo("entrega")
2026-05-30 21:31:45,539 | INFO | sqlalchemy.engine.Engine | [raw sql] ()
2026-05-30 21:31:45,542 | DEBUG | sqlalchemy.engine.Engine | Col ('cid', 'name', 'type', 'notnull', 'dflt_value', 'pk', 'hidden')
2026-05-30 21:31:45,542 | DEBUG | sqlalchemy.engine.Engine | Row (0, 'id_entrega', 'INTEGER', 1, None, 1, 0)
2026-05-30 21:31:45,543 | DEBUG | sqlalchemy.engine.Engine | Row (1, 'id_pedido', 'INTEGER', 1, None, 0, 0)
2026-05-30 21:31:45,543 | DEBUG | sqlalchemy.engine.Engine | Row (2, 'id_motorista', 'INTEGER', 1, None, 0, 0)
2026-05-30 21:31:45,543 | DEBUG | sqlalchemy.engine.Engine | Row (3, 'id_veiculo', 'INTEGER', 1, None, 0, 0)
2026-05-30 21:31:45,543 | DEBUG | sqlalchemy.engine.Engine | Row (4, 'data_entrega', 'DATETIME', 1, None, 0, 0)
2026-05-30 21:31:45,543 | INFO | sqlalchemy.engine.Engine | ROLLBACK
2026-05-30 21:31:45,545 | INFO | sqlalchemy.engine.Engine | BEGIN (implicit)
2026-05-30 21:31:45,545 | INFO | sqlalchemy.engine.Engine | PRAGMA main.table_xinfo("item_pedido")
2026-05-30 21:31:45,545 | INFO | sqlalchemy.engine.Engine | [raw sql] ()
2026-05-30 21:31:45,546 | DEBUG | sqlalchemy.engine.Engine | Col ('cid', 'name', 'type', 'notnull', 'dflt_value', 'pk', 'hidden')
2026-05-30 21:31:45,546 | DEBUG | sqlalchemy.engine.Engine | Row (0, 'id_item_pedido', 'INTEGER', 1, None, 1, 0)
2026-05-30 21:31:45,546 | DEBUG | sqlalchemy.engine.Engine | Row (1, 'id_pedido', 'INTEGER', 1, None, 0, 0)
2026-05-30 21:31:45,546 | DEBUG | sqlalchemy.engine.Engine | Row (2, 'id_produto', 'INTEGER', 1, None, 0, 0)
2026-05-30 21:31:45,547 | DEBUG | sqlalchemy.engine.Engine | Row (3, 'quantidade', 'INTEGER', 1, None, 0, 0)
2026-05-30 21:31:45,547 | INFO | sqlalchemy.engine.Engine | ROLLBACK
2026-05-30 21:31:45,549 | INFO | sqlalchemy.engine.Engine | BEGIN (implicit)
2026-05-30 21:31:45,550 | INFO | sqlalchemy.engine.Engine | PRAGMA main.table_xinfo("motorista")
2026-05-30 21:31:45,550 | INFO | sqlalchemy.engine.Engine | [raw sql] ()
2026-05-30 21:31:45,551 | DEBUG | sqlalchemy.engine.Engine | Col ('cid', 'name', 'type', 'notnull', 'dflt_value', 'pk', 'hidden')
2026-05-30 21:31:45,551 | DEBUG | sqlalchemy.engine.Engine | Row (0, 'id_motorista', 'INTEGER', 1, None, 1, 0)
2026-05-30 21:31:45,551 | DEBUG | sqlalchemy.engine.Engine | Row (1, 'nome', 'VARCHAR(120)', 1, None, 0, 0)
2026-05-30 21:31:45,551 | DEBUG | sqlalchemy.engine.Engine | Row (2, 'cnh', 'VARCHAR(11)', 1, None, 0, 0)
2026-05-30 21:31:45,551 | INFO | sqlalchemy.engine.Engine | ROLLBACK
2026-05-30 21:31:45,552 | INFO | sqlalchemy.engine.Engine | BEGIN (implicit)
2026-05-30 21:31:45,553 | INFO | sqlalchemy.engine.Engine | PRAGMA main.table_xinfo("pedido")
2026-05-30 21:31:45,553 | INFO | sqlalchemy.engine.Engine | [raw sql] ()
2026-05-30 21:31:45,553 | DEBUG | sqlalchemy.engine.Engine | Col ('cid', 'name', 'type', 'notnull', 'dflt_value', 'pk', 'hidden')
2026-05-30 21:31:45,554 | DEBUG | sqlalchemy.engine.Engine | Row (0, 'id_pedido', 'INTEGER', 1, None, 1, 0)
2026-05-30 21:31:45,554 | DEBUG | sqlalchemy.engine.Engine | Row (1, 'id_cliente', 'INTEGER', 1, None, 0, 0)
2026-05-30 21:31:45,554 | DEBUG | sqlalchemy.engine.Engine | Row (2, 'data_pedido', 'DATETIME', 1, None, 0, 0)
2026-05-30 21:31:45,554 | INFO | sqlalchemy.engine.Engine | ROLLBACK
2026-05-30 21:31:45,555 | INFO | sqlalchemy.engine.Engine | BEGIN (implicit)
2026-05-30 21:31:45,556 | INFO | sqlalchemy.engine.Engine | PRAGMA main.table_xinfo("produto")
2026-05-30 21:31:45,556 | INFO | sqlalchemy.engine.Engine | [raw sql] ()
2026-05-30 21:31:45,558 | DEBUG | sqlalchemy.engine.Engine | Col ('cid', 'name', 'type', 'notnull', 'dflt_value', 'pk', 'hidden')
2026-05-30 21:31:45,558 | DEBUG | sqlalchemy.engine.Engine | Row (0, 'id_produto', 'INTEGER', 1, None, 1, 0)
2026-05-30 21:31:45,558 | DEBUG | sqlalchemy.engine.Engine | Row (1, 'nome', 'VARCHAR(120)', 1, None, 0, 0)
2026-05-30 21:31:45,559 | DEBUG | sqlalchemy.engine.Engine | Row (2, 'preco_unitario', 'NUMERIC(10, 2)', 1, None, 0, 0)
2026-05-30 21:31:45,559 | DEBUG | sqlalchemy.engine.Engine | Row (3, 'id_categoria', 'INTEGER', 1, None, 0, 0)
2026-05-30 21:31:45,559 | INFO | sqlalchemy.engine.Engine | ROLLBACK
2026-05-30 21:31:45,560 | INFO | sqlalchemy.engine.Engine | BEGIN (implicit)
2026-05-30 21:31:45,561 | INFO | sqlalchemy.engine.Engine | PRAGMA main.table_xinfo("veiculo")
2026-05-30 21:31:45,561 | INFO | sqlalchemy.engine.Engine | [raw sql] ()
2026-05-30 21:31:45,562 | DEBUG | sqlalchemy.engine.Engine | Col ('cid', 'name', 'type', 'notnull', 'dflt_value', 'pk', 'hidden')
2026-05-30 21:31:45,562 | DEBUG | sqlalchemy.engine.Engine | Row (0, 'id_veiculo', 'INTEGER', 1, None, 1, 0)
2026-05-30 21:31:45,562 | DEBUG | sqlalchemy.engine.Engine | Row (1, 'placa', 'VARCHAR(10)', 1, None, 0, 0)
2026-05-30 21:31:45,563 | DEBUG | sqlalchemy.engine.Engine | Row (2, 'tipo', 'VARCHAR(40)', 1, None, 0, 0)
2026-05-30 21:31:45,563 | INFO | sqlalchemy.engine.Engine | ROLLBACK
2026-05-30 21:47:42,416 | INFO | sqlalchemy.engine.Engine | BEGIN (implicit)
2026-05-30 21:47:42,417 | INFO | sqlalchemy.engine.Engine | SELECT name FROM sqlite_master WHERE type='table' AND name NOT LIKE 'sqlite~_%' ESCAPE '~' ORDER BY name
2026-05-30 21:47:42,417 | INFO | sqlalchemy.engine.Engine | [raw sql] ()
2026-05-30 21:47:42,425 | DEBUG | sqlalchemy.engine.Engine | Col ('name',)
2026-05-30 21:47:42,430 | DEBUG | sqlalchemy.engine.Engine | Row ('categoria',)
2026-05-30 21:47:42,430 | DEBUG | sqlalchemy.engine.Engine | Row ('cliente',)
2026-05-30 21:47:42,430 | DEBUG | sqlalchemy.engine.Engine | Row ('endereco',)
2026-05-30 21:47:42,431 | DEBUG | sqlalchemy.engine.Engine | Row ('entrega',)
2026-05-30 21:47:42,431 | DEBUG | sqlalchemy.engine.Engine | Row ('item_pedido',)
2026-05-30 21:47:42,431 | DEBUG | sqlalchemy.engine.Engine | Row ('motorista',)
2026-05-30 21:47:42,431 | DEBUG | sqlalchemy.engine.Engine | Row ('pedido',)
2026-05-30 21:47:42,431 | DEBUG | sqlalchemy.engine.Engine | Row ('produto',)
2026-05-30 21:47:42,431 | DEBUG | sqlalchemy.engine.Engine | Row ('veiculo',)
2026-05-30 21:47:42,432 | INFO | sqlalchemy.engine.Engine | ROLLBACK
2026-05-30 21:47:42,432 | INFO | sqlalchemy.engine.Engine | BEGIN (implicit)
2026-05-30 21:47:42,432 | INFO | sqlalchemy.engine.Engine | PRAGMA main.foreign_key_list("categoria")
2026-05-30 21:47:42,432 | INFO | sqlalchemy.engine.Engine | [raw sql] ()
2026-05-30 21:47:42,432 | DEBUG | sqlalchemy.engine.Engine | Col ('id', 'seq', 'table', 'from', 'to', 'on_update', 'on_delete', 'match')
2026-05-30 21:47:42,433 | INFO | sqlalchemy.engine.Engine | PRAGMA temp.foreign_key_list("categoria")
2026-05-30 21:47:42,433 | INFO | sqlalchemy.engine.Engine | [raw sql] ()
2026-05-30 21:47:42,433 | DEBUG | sqlalchemy.engine.Engine | Col ('id', 'seq', 'table', 'from', 'to', 'on_update', 'on_delete', 'match')
2026-05-30 21:47:42,433 | INFO | sqlalchemy.engine.Engine | SELECT sql FROM  (SELECT * FROM sqlite_master UNION ALL   SELECT * FROM sqlite_temp_master) WHERE name = ? AND type in ('table', 'view')
2026-05-30 21:47:42,434 | INFO | sqlalchemy.engine.Engine | [raw sql] ('categoria',)
2026-05-30 21:47:42,434 | DEBUG | sqlalchemy.engine.Engine | Col ('sql',)
2026-05-30 21:47:42,434 | DEBUG | sqlalchemy.engine.Engine | Row ('CREATE TABLE categoria (\n\tid_categoria INTEGER NOT NULL, \n\tdescricao VARCHAR(80) NOT NULL, \n\tPRIMARY KEY (id_categoria), \n\tUNIQUE (descricao)\n)',)
2026-05-30 21:47:42,440 | INFO | sqlalchemy.engine.Engine | ROLLBACK
2026-05-30 21:47:42,441 | INFO | sqlalchemy.engine.Engine | BEGIN (implicit)
2026-05-30 21:47:42,441 | INFO | sqlalchemy.engine.Engine | PRAGMA main.foreign_key_list("cliente")
2026-05-30 21:47:42,442 | INFO | sqlalchemy.engine.Engine | [raw sql] ()
2026-05-30 21:47:42,442 | DEBUG | sqlalchemy.engine.Engine | Col ('id', 'seq', 'table', 'from', 'to', 'on_update', 'on_delete', 'match')
2026-05-30 21:47:42,442 | INFO | sqlalchemy.engine.Engine | PRAGMA temp.foreign_key_list("cliente")
2026-05-30 21:47:42,443 | INFO | sqlalchemy.engine.Engine | [raw sql] ()
2026-05-30 21:47:42,443 | DEBUG | sqlalchemy.engine.Engine | Col ('id', 'seq', 'table', 'from', 'to', 'on_update', 'on_delete', 'match')
2026-05-30 21:47:42,443 | INFO | sqlalchemy.engine.Engine | SELECT sql FROM  (SELECT * FROM sqlite_master UNION ALL   SELECT * FROM sqlite_temp_master) WHERE name = ? AND type in ('table', 'view')
2026-05-30 21:47:42,444 | INFO | sqlalchemy.engine.Engine | [raw sql] ('cliente',)
2026-05-30 21:47:42,444 | DEBUG | sqlalchemy.engine.Engine | Col ('sql',)
2026-05-30 21:47:42,445 | DEBUG | sqlalchemy.engine.Engine | Row ('CREATE TABLE cliente (\n\tid_cliente INTEGER NOT NULL, \n\tnome VARCHAR(120) NOT NULL, \n\tcpf VARCHAR(14) NOT NULL, \n\tPRIMARY KEY (id_cliente), \n\tUNIQUE (cpf)\n)',)
2026-05-30 21:47:42,445 | INFO | sqlalchemy.engine.Engine | ROLLBACK
2026-05-30 21:47:42,446 | INFO | sqlalchemy.engine.Engine | BEGIN (implicit)
2026-05-30 21:47:42,446 | INFO | sqlalchemy.engine.Engine | PRAGMA main.foreign_key_list("endereco")
2026-05-30 21:47:42,447 | INFO | sqlalchemy.engine.Engine | [raw sql] ()
2026-05-30 21:47:42,450 | DEBUG | sqlalchemy.engine.Engine | Col ('id', 'seq', 'table', 'from', 'to', 'on_update', 'on_delete', 'match')
2026-05-30 21:47:42,450 | DEBUG | sqlalchemy.engine.Engine | Row (0, 0, 'cliente', 'id_cliente', 'id_cliente', 'NO ACTION', 'CASCADE', 'NONE')
2026-05-30 21:47:42,450 | INFO | sqlalchemy.engine.Engine | SELECT sql FROM  (SELECT * FROM sqlite_master UNION ALL   SELECT * FROM sqlite_temp_master) WHERE name = ? AND type in ('table', 'view')
2026-05-30 21:47:42,451 | INFO | sqlalchemy.engine.Engine | [raw sql] ('endereco',)
2026-05-30 21:47:42,451 | DEBUG | sqlalchemy.engine.Engine | Col ('sql',)
2026-05-30 21:47:42,451 | DEBUG | sqlalchemy.engine.Engine | Row ('CREATE TABLE endereco (\n\tid_endereco INTEGER NOT NULL, \n\tid_cliente INTEGER NOT NULL, \n\tlogradouro VARCHAR(120) NOT NULL, \n\tnumero VARCHAR(10 ... (137 characters truncated) ... iente_local UNIQUE (id_cliente, logradouro, numero, cidade, estado), \n\tFOREIGN KEY(id_cliente) REFERENCES cliente (id_cliente) ON DELETE CASCADE\n)',)
2026-05-30 21:47:42,457 | INFO | sqlalchemy.engine.Engine | ROLLBACK
2026-05-30 21:48:04,964 | INFO | sqlalchemy.engine.Engine | BEGIN (implicit)
2026-05-30 21:48:04,964 | INFO | sqlalchemy.engine.Engine | SELECT name FROM sqlite_master WHERE type='table' AND name NOT LIKE 'sqlite~_%' ESCAPE '~' ORDER BY name
2026-05-30 21:48:04,964 | INFO | sqlalchemy.engine.Engine | [raw sql] ()
2026-05-30 21:48:04,966 | DEBUG | sqlalchemy.engine.Engine | Col ('name',)
2026-05-30 21:48:04,970 | DEBUG | sqlalchemy.engine.Engine | Row ('categoria',)
2026-05-30 21:48:04,970 | DEBUG | sqlalchemy.engine.Engine | Row ('cliente',)
2026-05-30 21:48:04,971 | DEBUG | sqlalchemy.engine.Engine | Row ('endereco',)
2026-05-30 21:48:04,971 | DEBUG | sqlalchemy.engine.Engine | Row ('entrega',)
2026-05-30 21:48:04,971 | DEBUG | sqlalchemy.engine.Engine | Row ('item_pedido',)
2026-05-30 21:48:04,971 | DEBUG | sqlalchemy.engine.Engine | Row ('motorista',)
2026-05-30 21:48:04,972 | DEBUG | sqlalchemy.engine.Engine | Row ('pedido',)
2026-05-30 21:48:04,972 | DEBUG | sqlalchemy.engine.Engine | Row ('produto',)
2026-05-30 21:48:04,972 | DEBUG | sqlalchemy.engine.Engine | Row ('veiculo',)
2026-05-30 21:48:04,972 | INFO | sqlalchemy.engine.Engine | ROLLBACK
2026-05-30 21:48:04,973 | INFO | sqlalchemy.engine.Engine | BEGIN (implicit)
2026-05-30 21:48:04,973 | INFO | sqlalchemy.engine.Engine | PRAGMA main.foreign_key_list("categoria")
2026-05-30 21:48:04,973 | INFO | sqlalchemy.engine.Engine | [raw sql] ()
2026-05-30 21:48:04,974 | DEBUG | sqlalchemy.engine.Engine | Col ('id', 'seq', 'table', 'from', 'to', 'on_update', 'on_delete', 'match')
2026-05-30 21:48:04,974 | INFO | sqlalchemy.engine.Engine | PRAGMA temp.foreign_key_list("categoria")
2026-05-30 21:48:04,974 | INFO | sqlalchemy.engine.Engine | [raw sql] ()
2026-05-30 21:48:04,975 | DEBUG | sqlalchemy.engine.Engine | Col ('id', 'seq', 'table', 'from', 'to', 'on_update', 'on_delete', 'match')
2026-05-30 21:48:04,975 | INFO | sqlalchemy.engine.Engine | SELECT sql FROM  (SELECT * FROM sqlite_master UNION ALL   SELECT * FROM sqlite_temp_master) WHERE name = ? AND type in ('table', 'view')
2026-05-30 21:48:04,975 | INFO | sqlalchemy.engine.Engine | [raw sql] ('categoria',)
2026-05-30 21:48:04,976 | DEBUG | sqlalchemy.engine.Engine | Col ('sql',)
2026-05-30 21:48:04,976 | DEBUG | sqlalchemy.engine.Engine | Row ('CREATE TABLE categoria (\n\tid_categoria INTEGER NOT NULL, \n\tdescricao VARCHAR(80) NOT NULL, \n\tPRIMARY KEY (id_categoria), \n\tUNIQUE (descricao)\n)',)
2026-05-30 21:48:04,978 | INFO | sqlalchemy.engine.Engine | ROLLBACK
2026-05-30 21:48:04,979 | INFO | sqlalchemy.engine.Engine | BEGIN (implicit)
2026-05-30 21:48:04,979 | INFO | sqlalchemy.engine.Engine | PRAGMA main.foreign_key_list("cliente")
2026-05-30 21:48:04,979 | INFO | sqlalchemy.engine.Engine | [raw sql] ()
2026-05-30 21:48:04,980 | DEBUG | sqlalchemy.engine.Engine | Col ('id', 'seq', 'table', 'from', 'to', 'on_update', 'on_delete', 'match')
2026-05-30 21:48:04,980 | INFO | sqlalchemy.engine.Engine | PRAGMA temp.foreign_key_list("cliente")
2026-05-30 21:48:04,980 | INFO | sqlalchemy.engine.Engine | [raw sql] ()
2026-05-30 21:48:04,980 | DEBUG | sqlalchemy.engine.Engine | Col ('id', 'seq', 'table', 'from', 'to', 'on_update', 'on_delete', 'match')
2026-05-30 21:48:04,980 | INFO | sqlalchemy.engine.Engine | SELECT sql FROM  (SELECT * FROM sqlite_master UNION ALL   SELECT * FROM sqlite_temp_master) WHERE name = ? AND type in ('table', 'view')
2026-05-30 21:48:04,981 | INFO | sqlalchemy.engine.Engine | [raw sql] ('cliente',)
2026-05-30 21:48:04,981 | DEBUG | sqlalchemy.engine.Engine | Col ('sql',)
2026-05-30 21:48:04,981 | DEBUG | sqlalchemy.engine.Engine | Row ('CREATE TABLE cliente (\n\tid_cliente INTEGER NOT NULL, \n\tnome VARCHAR(120) NOT NULL, \n\tcpf VARCHAR(14) NOT NULL, \n\tPRIMARY KEY (id_cliente), \n\tUNIQUE (cpf)\n)',)
2026-05-30 21:48:04,981 | INFO | sqlalchemy.engine.Engine | ROLLBACK
2026-05-30 21:48:04,982 | INFO | sqlalchemy.engine.Engine | BEGIN (implicit)
2026-05-30 21:48:04,982 | INFO | sqlalchemy.engine.Engine | PRAGMA main.foreign_key_list("endereco")
2026-05-30 21:48:04,982 | INFO | sqlalchemy.engine.Engine | [raw sql] ()
2026-05-30 21:48:04,983 | DEBUG | sqlalchemy.engine.Engine | Col ('id', 'seq', 'table', 'from', 'to', 'on_update', 'on_delete', 'match')
2026-05-30 21:48:04,983 | DEBUG | sqlalchemy.engine.Engine | Row (0, 0, 'cliente', 'id_cliente', 'id_cliente', 'NO ACTION', 'CASCADE', 'NONE')
2026-05-30 21:48:04,983 | INFO | sqlalchemy.engine.Engine | SELECT sql FROM  (SELECT * FROM sqlite_master UNION ALL   SELECT * FROM sqlite_temp_master) WHERE name = ? AND type in ('table', 'view')
2026-05-30 21:48:04,983 | INFO | sqlalchemy.engine.Engine | [raw sql] ('endereco',)
2026-05-30 21:48:04,984 | DEBUG | sqlalchemy.engine.Engine | Col ('sql',)
2026-05-30 21:48:04,984 | DEBUG | sqlalchemy.engine.Engine | Row ('CREATE TABLE endereco (\n\tid_endereco INTEGER NOT NULL, \n\tid_cliente INTEGER NOT NULL, \n\tlogradouro VARCHAR(120) NOT NULL, \n\tnumero VARCHAR(10 ... (137 characters truncated) ... iente_local UNIQUE (id_cliente, logradouro, numero, cidade, estado), \n\tFOREIGN KEY(id_cliente) REFERENCES cliente (id_cliente) ON DELETE CASCADE\n)',)
2026-05-30 21:48:04,988 | INFO | sqlalchemy.engine.Engine | ROLLBACK
2026-05-30 21:48:04,990 | INFO | sqlalchemy.engine.Engine | BEGIN (implicit)
2026-05-30 21:48:04,991 | INFO | sqlalchemy.engine.Engine | PRAGMA main.foreign_key_list("entrega")
2026-05-30 21:48:04,991 | INFO | sqlalchemy.engine.Engine | [raw sql] ()
2026-05-30 21:48:04,991 | DEBUG | sqlalchemy.engine.Engine | Col ('id', 'seq', 'table', 'from', 'to', 'on_update', 'on_delete', 'match')
2026-05-30 21:48:04,992 | DEBUG | sqlalchemy.engine.Engine | Row (0, 0, 'veiculo', 'id_veiculo', 'id_veiculo', 'NO ACTION', 'RESTRICT', 'NONE')
2026-05-30 21:48:04,992 | DEBUG | sqlalchemy.engine.Engine | Row (1, 0, 'motorista', 'id_motorista', 'id_motorista', 'NO ACTION', 'RESTRICT', 'NONE')
2026-05-30 21:48:04,992 | DEBUG | sqlalchemy.engine.Engine | Row (2, 0, 'pedido', 'id_pedido', 'id_pedido', 'NO ACTION', 'CASCADE', 'NONE')
2026-05-30 21:48:04,992 | INFO | sqlalchemy.engine.Engine | SELECT sql FROM  (SELECT * FROM sqlite_master UNION ALL   SELECT * FROM sqlite_temp_master) WHERE name = ? AND type in ('table', 'view')
2026-05-30 21:48:04,992 | INFO | sqlalchemy.engine.Engine | [raw sql] ('entrega',)
2026-05-30 21:48:04,993 | DEBUG | sqlalchemy.engine.Engine | Col ('sql',)
2026-05-30 21:48:04,993 | DEBUG | sqlalchemy.engine.Engine | Row ('CREATE TABLE entrega (\n\tid_entrega INTEGER NOT NULL, \n\tid_pedido INTEGER NOT NULL, \n\tid_motorista INTEGER NOT NULL, \n\tid_veiculo INTEGER NOT  ... (166 characters truncated) ... _motorista) REFERENCES motorista (id_motorista) ON DELETE RESTRICT, \n\tFOREIGN KEY(id_veiculo) REFERENCES veiculo (id_veiculo) ON DELETE RESTRICT\n)',)
2026-05-30 21:48:04,993 | INFO | sqlalchemy.engine.Engine | ROLLBACK
2026-05-30 21:48:04,994 | INFO | sqlalchemy.engine.Engine | BEGIN (implicit)
2026-05-30 21:48:04,995 | INFO | sqlalchemy.engine.Engine | PRAGMA main.foreign_key_list("item_pedido")
2026-05-30 21:48:04,995 | INFO | sqlalchemy.engine.Engine | [raw sql] ()
2026-05-30 21:48:04,996 | DEBUG | sqlalchemy.engine.Engine | Col ('id', 'seq', 'table', 'from', 'to', 'on_update', 'on_delete', 'match')
2026-05-30 21:48:04,996 | DEBUG | sqlalchemy.engine.Engine | Row (0, 0, 'produto', 'id_produto', 'id_produto', 'NO ACTION', 'RESTRICT', 'NONE')
2026-05-30 21:48:04,996 | DEBUG | sqlalchemy.engine.Engine | Row (1, 0, 'pedido', 'id_pedido', 'id_pedido', 'NO ACTION', 'CASCADE', 'NONE')
2026-05-30 21:48:04,997 | INFO | sqlalchemy.engine.Engine | SELECT sql FROM  (SELECT * FROM sqlite_master UNION ALL   SELECT * FROM sqlite_temp_master) WHERE name = ? AND type in ('table', 'view')
2026-05-30 21:48:04,997 | INFO | sqlalchemy.engine.Engine | [raw sql] ('item_pedido',)
2026-05-30 21:48:04,997 | DEBUG | sqlalchemy.engine.Engine | Col ('sql',)
2026-05-30 21:48:04,998 | DEBUG | sqlalchemy.engine.Engine | Row ('CREATE TABLE item_pedido (\n\tid_item_pedido INTEGER NOT NULL, \n\tid_pedido INTEGER NOT NULL, \n\tid_produto INTEGER NOT NULL, \n\tquantidade INTEGE ... (124 characters truncated) ... IGN KEY(id_pedido) REFERENCES pedido (id_pedido) ON DELETE CASCADE, \n\tFOREIGN KEY(id_produto) REFERENCES produto (id_produto) ON DELETE RESTRICT\n)',)
2026-05-30 21:48:04,998 | INFO | sqlalchemy.engine.Engine | ROLLBACK
2026-05-30 21:48:05,000 | INFO | sqlalchemy.engine.Engine | BEGIN (implicit)
2026-05-30 21:48:05,002 | INFO | sqlalchemy.engine.Engine | PRAGMA main.foreign_key_list("motorista")
2026-05-30 21:48:05,002 | INFO | sqlalchemy.engine.Engine | [raw sql] ()
2026-05-30 21:48:05,003 | DEBUG | sqlalchemy.engine.Engine | Col ('id', 'seq', 'table', 'from', 'to', 'on_update', 'on_delete', 'match')
2026-05-30 21:48:05,003 | INFO | sqlalchemy.engine.Engine | PRAGMA temp.foreign_key_list("motorista")
2026-05-30 21:48:05,003 | INFO | sqlalchemy.engine.Engine | [raw sql] ()
2026-05-30 21:48:05,003 | DEBUG | sqlalchemy.engine.Engine | Col ('id', 'seq', 'table', 'from', 'to', 'on_update', 'on_delete', 'match')
2026-05-30 21:48:05,004 | INFO | sqlalchemy.engine.Engine | SELECT sql FROM  (SELECT * FROM sqlite_master UNION ALL   SELECT * FROM sqlite_temp_master) WHERE name = ? AND type in ('table', 'view')
2026-05-30 21:48:05,004 | INFO | sqlalchemy.engine.Engine | [raw sql] ('motorista',)
2026-05-30 21:48:05,004 | DEBUG | sqlalchemy.engine.Engine | Col ('sql',)
2026-05-30 21:48:05,004 | DEBUG | sqlalchemy.engine.Engine | Row ('CREATE TABLE motorista (\n\tid_motorista INTEGER NOT NULL, \n\tnome VARCHAR(120) NOT NULL, \n\tcnh VARCHAR(11) NOT NULL, \n\tPRIMARY KEY (id_motorista), \n\tUNIQUE (cnh)\n)',)
2026-05-30 21:48:05,005 | INFO | sqlalchemy.engine.Engine | ROLLBACK
2026-05-30 21:48:05,005 | INFO | sqlalchemy.engine.Engine | BEGIN (implicit)
2026-05-30 21:48:05,005 | INFO | sqlalchemy.engine.Engine | PRAGMA main.foreign_key_list("pedido")
2026-05-30 21:48:05,006 | INFO | sqlalchemy.engine.Engine | [raw sql] ()
2026-05-30 21:48:05,006 | DEBUG | sqlalchemy.engine.Engine | Col ('id', 'seq', 'table', 'from', 'to', 'on_update', 'on_delete', 'match')
2026-05-30 21:48:05,006 | DEBUG | sqlalchemy.engine.Engine | Row (0, 0, 'cliente', 'id_cliente', 'id_cliente', 'NO ACTION', 'RESTRICT', 'NONE')
2026-05-30 21:48:05,006 | INFO | sqlalchemy.engine.Engine | SELECT sql FROM  (SELECT * FROM sqlite_master UNION ALL   SELECT * FROM sqlite_temp_master) WHERE name = ? AND type in ('table', 'view')
2026-05-30 21:48:05,007 | INFO | sqlalchemy.engine.Engine | [raw sql] ('pedido',)
2026-05-30 21:48:05,008 | DEBUG | sqlalchemy.engine.Engine | Col ('sql',)
2026-05-30 21:48:05,008 | DEBUG | sqlalchemy.engine.Engine | Row ('CREATE TABLE pedido (\n\tid_pedido INTEGER NOT NULL, \n\tid_cliente INTEGER NOT NULL, \n\tdata_pedido DATETIME NOT NULL, \n\tPRIMARY KEY (id_pedido), \n\tFOREIGN KEY(id_cliente) REFERENCES cliente (id_cliente) ON DELETE RESTRICT\n)',)
2026-05-30 21:48:05,008 | INFO | sqlalchemy.engine.Engine | ROLLBACK
2026-05-30 21:48:05,009 | INFO | sqlalchemy.engine.Engine | BEGIN (implicit)
2026-05-30 21:48:05,009 | INFO | sqlalchemy.engine.Engine | PRAGMA main.foreign_key_list("produto")
2026-05-30 21:48:05,009 | INFO | sqlalchemy.engine.Engine | [raw sql] ()
2026-05-30 21:48:05,010 | DEBUG | sqlalchemy.engine.Engine | Col ('id', 'seq', 'table', 'from', 'to', 'on_update', 'on_delete', 'match')
2026-05-30 21:48:05,010 | DEBUG | sqlalchemy.engine.Engine | Row (0, 0, 'categoria', 'id_categoria', 'id_categoria', 'NO ACTION', 'RESTRICT', 'NONE')
2026-05-30 21:48:05,010 | INFO | sqlalchemy.engine.Engine | SELECT sql FROM  (SELECT * FROM sqlite_master UNION ALL   SELECT * FROM sqlite_temp_master) WHERE name = ? AND type in ('table', 'view')
2026-05-30 21:48:05,010 | INFO | sqlalchemy.engine.Engine | [raw sql] ('produto',)
2026-05-30 21:48:05,011 | DEBUG | sqlalchemy.engine.Engine | Col ('sql',)
2026-05-30 21:48:05,011 | DEBUG | sqlalchemy.engine.Engine | Row ('CREATE TABLE produto (\n\tid_produto INTEGER NOT NULL, \n\tnome VARCHAR(120) NOT NULL, \n\tpreco_unitario NUMERIC(10, 2) NOT NULL, \n\tid_categoria INTEGER NOT NULL, \n\tPRIMARY KEY (id_produto), \n\tFOREIGN KEY(id_categoria) REFERENCES categoria (id_categoria) ON DELETE RESTRICT\n)',)
2026-05-30 21:48:05,011 | INFO | sqlalchemy.engine.Engine | ROLLBACK
2026-05-30 21:48:05,012 | INFO | sqlalchemy.engine.Engine | BEGIN (implicit)
2026-05-30 21:48:05,012 | INFO | sqlalchemy.engine.Engine | PRAGMA main.foreign_key_list("veiculo")
2026-05-30 21:48:05,013 | INFO | sqlalchemy.engine.Engine | [raw sql] ()
2026-05-30 21:48:05,013 | DEBUG | sqlalchemy.engine.Engine | Col ('id', 'seq', 'table', 'from', 'to', 'on_update', 'on_delete', 'match')
2026-05-30 21:48:05,013 | INFO | sqlalchemy.engine.Engine | PRAGMA temp.foreign_key_list("veiculo")
2026-05-30 21:48:05,014 | INFO | sqlalchemy.engine.Engine | [raw sql] ()
2026-05-30 21:48:05,014 | DEBUG | sqlalchemy.engine.Engine | Col ('id', 'seq', 'table', 'from', 'to', 'on_update', 'on_delete', 'match')
2026-05-30 21:48:05,014 | INFO | sqlalchemy.engine.Engine | SELECT sql FROM  (SELECT * FROM sqlite_master UNION ALL   SELECT * FROM sqlite_temp_master) WHERE name = ? AND type in ('table', 'view')
2026-05-30 21:48:05,015 | INFO | sqlalchemy.engine.Engine | [raw sql] ('veiculo',)
2026-05-30 21:48:05,015 | DEBUG | sqlalchemy.engine.Engine | Col ('sql',)
2026-05-30 21:48:05,016 | DEBUG | sqlalchemy.engine.Engine | Row ('CREATE TABLE veiculo (\n\tid_veiculo INTEGER NOT NULL, \n\tplaca VARCHAR(10) NOT NULL, \n\ttipo VARCHAR(40) NOT NULL, \n\tPRIMARY KEY (id_veiculo), \n\tUNIQUE (placa)\n)',)
2026-05-30 21:48:05,016 | INFO | sqlalchemy.engine.Engine | ROLLBACK
2026-05-30 21:50:15,714 | INFO | sqlalchemy.engine.Engine | BEGIN (implicit)
2026-05-30 21:50:15,715 | INFO | sqlalchemy.engine.Engine | PRAGMA foreign_keys
2026-05-30 21:50:15,715 | INFO | sqlalchemy.engine.Engine | [generated in 0.00068s] ()
2026-05-30 21:50:15,717 | DEBUG | sqlalchemy.engine.Engine | Col ('foreign_keys',)
2026-05-30 21:50:15,717 | DEBUG | sqlalchemy.engine.Engine | Row (1,)
2026-05-30 21:50:15,717 | INFO | sqlalchemy.engine.Engine | ROLLBACK
